<?xml version="1.0" encoding="UTF-8"?>
<!-- Generated by org.testng.reporters.JUnitReportReporter -->
<testsuite skipped="1" hostname="RoryMcCann" name="TestNGBasic.Day2" tests="4" failures="0" timestamp="26 Nov 2022 07:51:51 GMT" time="0.094" errors="0">
  <testcase name="tc111" time="0.047" classname="TestNGBasic.Day2"/>
  <testcase name="tc1111" time="0.000" classname="TestNGBasic.Day2"/>
  <testcase name="tc11" time="0.047" classname="TestNGBasic.Day2"/>
  <testcase name="tc1" classname="TestNGBasic.Day2">
    <skipped/>
  </testcase> <!-- tc1 -->
</testsuite> <!-- TestNGBasic.Day2 -->
