<?xml version="1.0" encoding="UTF-8"?>
<!-- Generated by org.testng.reporters.JUnitReportReporter -->
<testsuite skipped="0" hostname="RoryMcCann" name="TestNGBasic.Day2Man3" tests="2" failures="0" timestamp="28 Nov 2022 16:41:19 GMT" time="0.064" errors="0">
  <testcase name="tc1111" time="0.048" classname="TestNGBasic.Day2Man3"/>
  <testcase name="tc1111" time="0.016" classname="TestNGBasic.Day2Man3"/>
</testsuite> <!-- TestNGBasic.Day2Man3 -->
