<?xml version="1.0" encoding="UTF-8"?>
<!-- Generated by org.testng.reporters.JUnitReportReporter -->
<testsuite skipped="0" hostname="RoryMcCann" name="SuiteParameters.Sample2" tests="4" failures="0" timestamp="28 Nov 2022 18:10:34 GMT" time="0.065" errors="0">
  <testcase name="tc2" time="0.016" classname="SuiteParameters.Sample2"/>
  <testcase name="tc1" time="0.033" classname="SuiteParameters.Sample2"/>
  <testcase name="tc1" time="0.000" classname="SuiteParameters.Sample2"/>
  <testcase name="tc2" time="0.016" classname="SuiteParameters.Sample2"/>
</testsuite> <!-- SuiteParameters.Sample2 -->
