<?xml version="1.0" encoding="UTF-8"?>
<!-- Generated by org.testng.reporters.JUnitReportReporter -->
<testsuite skipped="1" hostname="RoryMcCann" name="TestNGBasic.Day2Man2" tests="7" failures="0" timestamp="28 Nov 2022 10:43:33 GMT" time="0.047" errors="0">
  <testcase name="tc111" time="0.000" classname="TestNGBasic.Day2Man2"/>
  <testcase name="tc11" time="0.000" classname="TestNGBasic.Day2Man2"/>
  <testcase name="tc11" time="0.016" classname="TestNGBasic.Day2Man2"/>
  <testcase name="tc1111" time="0.015" classname="TestNGBasic.Day2Man2"/>
  <testcase name="tc11" time="0.000" classname="TestNGBasic.Day2Man2"/>
  <testcase name="tc11" time="0.016" classname="TestNGBasic.Day2Man2"/>
  <testcase name="tc1" classname="TestNGBasic.Day2Man2">
    <skipped/>
  </testcase> <!-- tc1 -->
</testsuite> <!-- TestNGBasic.Day2Man2 -->
