<?xml version="1.0" encoding="UTF-8"?>
<!-- Generated by org.testng.reporters.JUnitReportReporter -->
<testsuite skipped="0" hostname="RoryMcCann" name="SuiteParameters.Sample1" tests="3" failures="0" timestamp="28 Nov 2022 17:27:57 GMT" time="32.267" errors="0">
  <testcase name="fblogin" time="9.548" classname="SuiteParameters.Sample1"/>
  <testcase name="fblogin" time="9.551" classname="SuiteParameters.Sample1"/>
  <testcase name="fblogin" time="13.168" classname="SuiteParameters.Sample1"/>
</testsuite> <!-- SuiteParameters.Sample1 -->
